
    โโโโโโโโโโโโโโโโโโโโโโโโโโโโโโโโโโโโโโโโโโโโโโโโโโโโโโโโโโ
    โ     ๐ SCREEN SHARE SERVER - MAC                       โ
    โ            Ready for connections                       โ
    โโโโโโโโโโโโโโโโโโโโโโโโโโโโโโโโโโโโโโโโโโโโโโโโโโโโโโโโโโฃ
    โ                                                        โ
    โ  ๐ก Local IP:        192.168.100.9                      โ
    โ  ๐ Port:                     5050                      โ
    โ  โ๏ธ  FPS:                        15                      โ
    โ  ๐ Quality:                   80%                      โ
    โ                                                        โ
    โ  ๐ URL: http://192.168.100.9:5050                       โ
    โ                                                        โ
    โโโโโโโโโโโโโโโโโโโโโโโโโโโโโโโโโโโโโโโโโโโโโโโโโโโโโโโโโโ
    
    โ๏ธ  Para control remoto, MacOS pedirรก permisos de:
        - Grabaciรณn de pantalla (Screen Recording)
        - Accesibilidad (Accessibility)
    
    Presiona Ctrl+C para detener
    
 * Serving Flask app 'screen_server'
 * Debug mode: off
[31m[1mWARNING: This is a development server. Do not use it in a production deployment. Use a production WSGI server instead.[0m
 * Running on all addresses (0.0.0.0)
 * Running on http://127.0.0.1:5050
 * Running on http://192.168.100.9:5050
[33mPress CTRL+C to quit[0m
